<?xml version="1.0" encoding="UTF-8"?>
<testng-results ignored="0" total="2" passed="2" failed="0" skipped="0">
  <reporter-output>
  </reporter-output>
  <suite started-at="2023-01-29T21:41:56 EST" name="BDD Test Suite" finished-at="2023-01-29T21:42:01 EST" duration-ms="5530">
    <groups>
      <group name="cucumber">
        <method signature="AbstractTestNGCucumberTests.runScenario(io.cucumber.testng.PickleEventWrapper, io.cucumber.testng.CucumberFeatureWrapper)[pri:0, instance:com.bdd.runners.LoginModuleRunner@16610890]" name="runScenario" class="io.cucumber.testng.AbstractTestNGCucumberTests"/>
      </group> <!-- cucumber -->
    </groups>
    <test started-at="2023-01-29T21:41:56 EST" name="BDD Tests" finished-at="2023-01-29T21:42:01 EST" duration-ms="5530">
      <class name="com.bdd.runners.LoginModuleRunner">
        <test-method is-config="true" signature="setUpClass()[pri:0, instance:com.bdd.runners.LoginModuleRunner@16610890]" started-at="2023-01-29T21:41:56 EST" name="setUpClass" finished-at="2023-01-29T21:41:56 EST" duration-ms="83" status="PASS">
          <reporter-output>
          </reporter-output>
        </test-method> <!-- setUpClass -->
        <test-method signature="runScenario(io.cucumber.testng.PickleEventWrapper, io.cucumber.testng.CucumberFeatureWrapper)[pri:0, instance:com.bdd.runners.LoginModuleRunner@16610890]" started-at="2023-01-29T21:41:56 EST" name="runScenario" description="Runs Cucumber Scenarios" data-provider="scenarios" finished-at="2023-01-29T21:41:59 EST" duration-ms="2932" status="PASS">
          <params>
            <param index="0">
              <value>
                <![CDATA["Verify login functionality"]]>
              </value>
            </param>
            <param index="1">
              <value>
                <![CDATA["Login Module"]]>
              </value>
            </param>
          </params>
          <reporter-output>
          </reporter-output>
        </test-method> <!-- runScenario -->
        <test-method signature="runScenario(io.cucumber.testng.PickleEventWrapper, io.cucumber.testng.CucumberFeatureWrapper)[pri:0, instance:com.bdd.runners.LoginModuleRunner@16610890]" started-at="2023-01-29T21:41:56 EST" name="runScenario" description="Runs Cucumber Scenarios" data-provider="scenarios" finished-at="2023-01-29T21:42:01 EST" duration-ms="5367" status="PASS">
          <params>
            <param index="0">
              <value>
                <![CDATA["Verify that Checkout is working with correct credentials"]]>
              </value>
            </param>
            <param index="1">
              <value>
                <![CDATA["Checkout Module"]]>
              </value>
            </param>
          </params>
          <reporter-output>
          </reporter-output>
        </test-method> <!-- runScenario -->
        <test-method is-config="true" signature="tearDownClass()[pri:0, instance:com.bdd.runners.LoginModuleRunner@16610890]" started-at="2023-01-29T21:42:01 EST" name="tearDownClass" finished-at="2023-01-29T21:42:01 EST" duration-ms="38" status="PASS">
          <reporter-output>
          </reporter-output>
        </test-method> <!-- tearDownClass -->
      </class> <!-- com.bdd.runners.LoginModuleRunner -->
    </test> <!-- BDD Tests -->
  </suite> <!-- BDD Test Suite -->
</testng-results>
