<?xml version="1.0" encoding="UTF-8"?>
<testsuite xmlns:xsi="http://www.w3.org/2001/XMLSchema-instance" xsi:noNamespaceSchemaLocation="https://maven.apache.org/surefire/maven-surefire-plugin/xsd/surefire-test-report-3.0.xsd" version="3.0" name="TestSuite" time="26.108" tests="2" errors="0" skipped="0" failures="1">
  <properties>
[...]
</properties>
  <testcase name="runScenario[&quot;Verify login functionality&quot;, &quot;Login Module&quot;](1)" classname="com.bdd.runners.LoginModuleRunner" time="3.098">
    <system-out><![CDATA[Our Execution Environment is:stage
Our Execution Environment is:stage
Our Execution Environment is:stage
Our Execution Environment is:stage
]]></system-out>
    <system-err><![CDATA[SLF4J: Failed to load class "org.slf4j.impl.StaticLoggerBinder".
SLF4J: Defaulting to no-operation (NOP) logger implementation
SLF4J: See http://www.slf4j.org/codes.html#StaticLoggerBinder for further details.
ERROR StatusLogger Log4j2 could not find a logging implementation. Please add log4j-core to the classpath. Using SimpleLogger to log to the console...
Starting ChromeDriver 109.0.5414.74 (e7c5703604daa9cc128ccf5a5d3e993513S7t58a9r13t-irenfgs/ bCrharnocmhe-Dhriveera d1s0/95.04.1544@1{4#.171472 }()e 7ocn5 7p0or3t6 108498d6a
aOn9lcyc l1oc2a8lc ccfo5nane5cdt3ieo9n9s3 5a1r3e7 58a9l1l3o-wreedf.s/
bPrlaenacshe- hseeaed sh/t5t4p1s4:@/{/#1ch1r72})o meodnr ipovretr .1c0h3r0o7mi
uOmn.loyr gl/oscealc ucorninteyc-tcioonnssi daerrea tailloowends. 
fPolre asuseg gessetei ohnttsp so:n/ /kceherpoimnegd rCihvreorm.ecDhrriovmeiurm .osragf/ese.cur
ity-considerations for suggestions on keeping ChromeDriver safe.
ChromeDriver was started successfully.
ChromeDriver was started successfully.
Jan 29, 2023 7:54:28 PM org.openqa.selenium.devtools.CdpVersionFinder findNearestMatch
WARNING: Unable to find an exact match for CDP version 109, so returning the closest version found: 107
Jan 29, 2023 7:54:28 PM org.openqa.selenium.devtools.CdpVersionFinder findNearestMatch
WARNING: Unable to find an exact match for CDP version 109, so returning the closest version found: 107
]]></system-err>
  </testcase>
  <testcase name="runScenario[&quot;Verify that Checkout is working with correct credentials&quot;, &quot;Checkout Module&quot;](2)" classname="com.bdd.runners.LoginModuleRunner" time="25.607">
    <failure message="no such element: Unable to locate element: {&quot;method&quot;:&quot;xpath&quot;,&quot;selector&quot;:&quot;//div[@class=&apos;summary_total_label&apos;]&quot;}&#10;  (Session info: chrome=109.0.5414.120)&#10;For documentation on this error, please visit: https://selenium.dev/exceptions/#no_such_element&#10;Build info: version: &apos;4.6.0&apos;, revision: &apos;79f1c02ae20&apos;&#10;System info: os.name: &apos;Windows 11&apos;, os.arch: &apos;amd64&apos;, os.version: &apos;10.0&apos;, java.version: &apos;17.0.4.1&apos;&#10;Driver info: org.openqa.selenium.chrome.ChromeDriver&#10;Command: [9987ce9ebf66d85e5da5c1c2b0bfce7d, findElement {using=xpath, value=//div[@class=&apos;summary_total_label&apos;]}]&#10;Capabilities {acceptInsecureCerts: false, browserName: chrome, browserVersion: 109.0.5414.120, chrome: {chromedriverVersion: 109.0.5414.74 (e7c5703604da..., userDataDir: C:\Users\DINHLE~1\AppData\L...}, goog:chromeOptions: {debuggerAddress: localhost:61650}, networkConnectionEnabled: false, pageLoadStrategy: normal, platformName: WINDOWS, proxy: Proxy(), se:cdp: ws://localhost:61650/devtoo..., se:cdpVersion: 109.0.5414.120, setWindowRect: true, strictFileInteractability: false, timeouts: {implicit: 0, pageLoad: 300000, script: 30000}, unhandledPromptBehavior: dismiss and notify, webauthn:extension:credBlob: true, webauthn:extension:largeBlob: true, webauthn:virtualAuthenticators: true}&#10;Session ID: 9987ce9ebf66d85e5da5c1c2b0bfce7d" type="org.openqa.selenium.NoSuchElementException"><![CDATA[org.openqa.selenium.NoSuchElementException: 
no such element: Unable to locate element: {"method":"xpath","selector":"//div[@class='summary_total_label']"}
  (Session info: chrome=109.0.5414.120)
For documentation on this error, please visit: https://selenium.dev/exceptions/#no_such_element
Build info: version: '4.6.0', revision: '79f1c02ae20'
System info: os.name: 'Windows 11', os.arch: 'amd64', os.version: '10.0', java.version: '17.0.4.1'
Driver info: org.openqa.selenium.chrome.ChromeDriver
Command: [9987ce9ebf66d85e5da5c1c2b0bfce7d, findElement {using=xpath, value=//div[@class='summary_total_label']}]
Capabilities {acceptInsecureCerts: false, browserName: chrome, browserVersion: 109.0.5414.120, chrome: {chromedriverVersion: 109.0.5414.74 (e7c5703604da..., userDataDir: C:\Users\DINHLE~1\AppData\L...}, goog:chromeOptions: {debuggerAddress: localhost:61650}, networkConnectionEnabled: false, pageLoadStrategy: normal, platformName: WINDOWS, proxy: Proxy(), se:cdp: ws://localhost:61650/devtoo..., se:cdpVersion: 109.0.5414.120, setWindowRect: true, strictFileInteractability: false, timeouts: {implicit: 0, pageLoad: 300000, script: 30000}, unhandledPromptBehavior: dismiss and notify, webauthn:extension:credBlob: true, webauthn:extension:largeBlob: true, webauthn:virtualAuthenticators: true}
Session ID: 9987ce9ebf66d85e5da5c1c2b0bfce7d
	at java.base/jdk.internal.reflect.NativeConstructorAccessorImpl.newInstance0(Native Method)
	at java.base/jdk.internal.reflect.NativeConstructorAccessorImpl.newInstance(NativeConstructorAccessorImpl.java:77)
	at java.base/jdk.internal.reflect.DelegatingConstructorAccessorImpl.newInstance(DelegatingConstructorAccessorImpl.java:45)
	at java.base/java.lang.reflect.Constructor.newInstanceWithCaller(Constructor.java:499)
	at java.base/java.lang.reflect.Constructor.newInstance(Constructor.java:480)
	at org.openqa.selenium.remote.codec.w3c.W3CHttpResponseCodec.createException(W3CHttpResponseCodec.java:200)
	at org.openqa.selenium.remote.codec.w3c.W3CHttpResponseCodec.decode(W3CHttpResponseCodec.java:133)
	at org.openqa.selenium.remote.codec.w3c.W3CHttpResponseCodec.decode(W3CHttpResponseCodec.java:53)
	at org.openqa.selenium.remote.HttpCommandExecutor.execute(HttpCommandExecutor.java:184)
	at org.openqa.selenium.remote.service.DriverCommandExecutor.invokeExecute(DriverCommandExecutor.java:167)
	at org.openqa.selenium.remote.service.DriverCommandExecutor.execute(DriverCommandExecutor.java:142)
	at org.openqa.selenium.remote.RemoteWebDriver.execute(RemoteWebDriver.java:541)
	at org.openqa.selenium.remote.ElementLocation$ElementFinder$2.findElement(ElementLocation.java:162)
	at org.openqa.selenium.remote.ElementLocation.findElement(ElementLocation.java:60)
	at org.openqa.selenium.remote.RemoteWebDriver.findElement(RemoteWebDriver.java:365)
	at org.openqa.selenium.remote.RemoteWebDriver.findElement(RemoteWebDriver.java:357)
	at pages.BasePage.isElementPresent(BasePage.java:33)
	at pages.PaymentPage.verifyTotalAmountIsCorrect(PaymentPage.java:39)
	at com.bdd.test.scenarios.loginStepsDefinations.verifySuccessMessage(loginStepsDefinations.java:112)
	at ✽.The user should direct to confirmation page and should see the message following(file:src/test/java/FeatureFiles/checkout.feature:41)
]]></failure>
  </testcase>
</testsuite>