<?xml version="1.0" encoding="UTF-8"?>
<testng-results ignored="0" total="2" passed="2" failed="0" skipped="0">
  <reporter-output>
  </reporter-output>
  <suite started-at="2023-01-30T08:49:00 EST" name="Default suite" finished-at="2023-01-30T08:49:06 EST" duration-ms="5680">
    <groups>
      <group name="cucumber">
        <method signature="AbstractTestNGCucumberTests.runScenario(io.cucumber.testng.PickleEventWrapper, io.cucumber.testng.CucumberFeatureWrapper)[pri:0, instance:com.bdd.runners.LoginModuleRunner@a530d0a]" name="runScenario" class="io.cucumber.testng.AbstractTestNGCucumberTests"/>
      </group> <!-- cucumber -->
    </groups>
    <test started-at="2023-01-30T08:49:00 EST" name="Default test" finished-at="2023-01-30T08:49:06 EST" duration-ms="5680">
      <class name="com.bdd.runners.LoginModuleRunner">
        <test-method is-config="true" signature="setUpClass()[pri:0, instance:com.bdd.runners.LoginModuleRunner@a530d0a]" started-at="2023-01-30T08:49:00 EST" name="setUpClass" finished-at="2023-01-30T08:49:00 EST" duration-ms="86" status="PASS">
          <reporter-output>
          </reporter-output>
        </test-method> <!-- setUpClass -->
        <test-method signature="runScenario(io.cucumber.testng.PickleEventWrapper, io.cucumber.testng.CucumberFeatureWrapper)[pri:0, instance:com.bdd.runners.LoginModuleRunner@a530d0a]" started-at="2023-01-30T08:49:00 EST" name="runScenario" description="Runs Cucumber Scenarios" data-provider="scenarios" finished-at="2023-01-30T08:49:06 EST" duration-ms="5504" status="PASS">
          <params>
            <param index="0">
              <value>
                <![CDATA["Verify that Checkout is working with correct credentials"]]>
              </value>
            </param>
            <param index="1">
              <value>
                <![CDATA["Checkout Module"]]>
              </value>
            </param>
          </params>
          <reporter-output>
          </reporter-output>
        </test-method> <!-- runScenario -->
        <test-method signature="runScenario(io.cucumber.testng.PickleEventWrapper, io.cucumber.testng.CucumberFeatureWrapper)[pri:0, instance:com.bdd.runners.LoginModuleRunner@a530d0a]" started-at="2023-01-30T08:49:00 EST" name="runScenario" description="Runs Cucumber Scenarios" data-provider="scenarios" finished-at="2023-01-30T08:49:03 EST" duration-ms="3017" status="PASS">
          <params>
            <param index="0">
              <value>
                <![CDATA["Verify login functionality"]]>
              </value>
            </param>
            <param index="1">
              <value>
                <![CDATA["Login Module"]]>
              </value>
            </param>
          </params>
          <reporter-output>
          </reporter-output>
        </test-method> <!-- runScenario -->
        <test-method is-config="true" signature="tearDownClass()[pri:0, instance:com.bdd.runners.LoginModuleRunner@a530d0a]" started-at="2023-01-30T08:49:06 EST" name="tearDownClass" finished-at="2023-01-30T08:49:06 EST" duration-ms="36" status="PASS">
          <reporter-output>
          </reporter-output>
        </test-method> <!-- tearDownClass -->
      </class> <!-- com.bdd.runners.LoginModuleRunner -->
    </test> <!-- Default test -->
  </suite> <!-- Default suite -->
</testng-results>
